#
# There is insufficient memory for the Java Runtime Environment to continue.
# Native memory allocation (mmap) failed to map 8388608 bytes. Error detail: G1 virtual space
# Possible reasons:
#   The system is out of physical RAM or swap space
#   This process is running with CompressedOops enabled, and the Java Heap may be blocking the growth of the native heap
# Possible solutions:
#   Reduce memory load on the system
#   Increase physical memory or swap space
#   Check if swap backing store is full
#   Decrease Java heap size (-Xmx/-Xms)
#   Decrease number of Java threads
#   Decrease Java thread stack sizes (-Xss)
#   Set larger code cache with -XX:ReservedCodeCacheSize=
#   JVM is running with Unscaled Compressed Oops mode in which the Java heap is
#     placed in the first 4GB address space. The Java Heap base address is the
#     maximum limit for the native heap growth. Please use -XX:HeapBaseMinAddress
#     to set the Java Heap base and to place the Java Heap above 4GB virtual address.
# This output file may be truncated or incomplete.
#
#  Out of Memory Error (os_windows.cpp:3825), pid=17572, tid=15292
#
# JRE version: OpenJDK Runtime Environment (17.0.11) (build 17.0.11+0--11852314)
# Java VM: OpenJDK 64-Bit Server VM (17.0.11+0--11852314, mixed mode, tiered, compressed oops, compressed class ptrs, g1 gc, windows-amd64)
# No core dump will be written. Minidumps are not enabled by default on client versions of Windows
#

---------------  S U M M A R Y ------------

Command Line: --add-opens=java.base/java.util=ALL-UNNAMED --add-opens=java.base/java.lang=ALL-UNNAMED --add-opens=java.base/java.lang.invoke=ALL-UNNAMED --add-opens=java.prefs/java.util.prefs=ALL-UNNAMED --add-opens=java.base/java.nio.charset=ALL-UNNAMED --add-opens=java.base/java.net=ALL-UNNAMED --add-opens=java.base/java.util.concurrent.atomic=ALL-UNNAMED -Xmx2048m -Dfile.encoding=UTF-8 -Duser.country=MY -Duser.language=en -Duser.variant -javaagent:C:\Users\Somesh\.gradle\wrapper\dists\gradle-8.7-bin\bhs2wmbdwecv87pi65oeuq5iu\gradle-8.7\lib\agents\gradle-instrumentation-agent-8.7.jar org.gradle.launcher.daemon.bootstrap.GradleDaemon 8.7

Host: Intel(R) Core(TM) i5-10210U CPU @ 1.60GHz, 8 cores, 7G,  Windows 11 , 64 bit Build 22000 (10.0.22000.2538)
Time: Thu Oct 31 15:29:57 2024 Malay Peninsula Standard Time elapsed time: 5.176544 seconds (0d 0h 0m 5s)

---------------  T H R E A D  ---------------

Current thread (0x00000173a1d69d20):  VMThread "VM Thread" [stack: 0x0000004153000000,0x0000004153100000] [id=15292]

Stack: [0x0000004153000000,0x0000004153100000]
Native frames: (J=compiled Java code, j=interpreted, Vv=VM code, C=native code)
V  [jvm.dll+0x687bb9]
V  [jvm.dll+0x84142a]
V  [jvm.dll+0x8430ae]
V  [jvm.dll+0x843713]
V  [jvm.dll+0x24a35f]
V  [jvm.dll+0x684989]
V  [jvm.dll+0x67923a]
V  [jvm.dll+0x30af0b]
V  [jvm.dll+0x3123b6]
V  [jvm.dll+0x361dfe]
V  [jvm.dll+0x36202f]
V  [jvm.dll+0x2e0d38]
V  [jvm.dll+0x2df144]
V  [jvm.dll+0x2de74c]
V  [jvm.dll+0x32305b]
V  [jvm.dll+0x847e0b]
V  [jvm.dll+0x848b42]
V  [jvm.dll+0x84905d]
V  [jvm.dll+0x849434]
V  [jvm.dll+0x849500]
V  [jvm.dll+0x7efa4a]
V  [jvm.dll+0x686a35]
C  [ucrtbase.dll+0x26c0c]
C  [KERNEL32.DLL+0x153e0]
C  [ntdll.dll+0x485b]

VM_Operation (0x00000041548f5070): G1CollectForAllocation, mode: safepoint, requested by thread 0x00000173a8178180


---------------  P R O C E S S  ---------------

Threads class SMR info:
_java_thread_list=0x00000173a92e4f20, length=42, elements={
0x0000017385f48e40, 0x00000173a1d6e3e0, 0x00000173a1d6f260, 0x00000173a6038280,
0x00000173a6038e10, 0x00000173a603a6f0, 0x00000173a603b0b0, 0x00000173a603cae0,
0x00000173a603d590, 0x00000173a604ecf0, 0x00000173a611ba80, 0x00000173a6393010,
0x00000173a8176320, 0x00000173a8175900, 0x00000173a8176830, 0x00000173a8176d40,
0x00000173a8177250, 0x00000173a8175e10, 0x00000173a8178180, 0x00000173a8177760,
0x00000173a8177c70, 0x00000173a8178ba0, 0x00000173a8178690, 0x00000173a77f9fd0,
0x00000173a77fa4e0, 0x00000173a8eed340, 0x00000173a77fbe30, 0x00000173a77fb920,
0x00000173a77fc340, 0x00000173a77fb410, 0x00000173a77fc850, 0x00000173a77fcd60,
0x00000173a77f95b0, 0x00000173a77fa9f0, 0x00000173a77f9ac0, 0x00000173a77faf00,
0x00000173a947c9f0, 0x00000173a947a170, 0x00000173a947b0a0, 0x00000173a94773e0,
0x00000173a94778f0, 0x00000173a8eedde0
}

Java Threads: ( => current thread )
  0x0000017385f48e40 JavaThread "main" [_thread_blocked, id=21536, stack(0x0000004152a00000,0x0000004152b00000)]
  0x00000173a1d6e3e0 JavaThread "Reference Handler" daemon [_thread_blocked, id=22772, stack(0x0000004153100000,0x0000004153200000)]
  0x00000173a1d6f260 JavaThread "Finalizer" daemon [_thread_blocked, id=27564, stack(0x0000004153200000,0x0000004153300000)]
  0x00000173a6038280 JavaThread "Signal Dispatcher" daemon [_thread_blocked, id=23356, stack(0x0000004153300000,0x0000004153400000)]
  0x00000173a6038e10 JavaThread "Attach Listener" daemon [_thread_blocked, id=1632, stack(0x0000004153400000,0x0000004153500000)]
  0x00000173a603a6f0 JavaThread "Service Thread" daemon [_thread_blocked, id=18012, stack(0x0000004153500000,0x0000004153600000)]
  0x00000173a603b0b0 JavaThread "Monitor Deflation Thread" daemon [_thread_blocked, id=7664, stack(0x0000004153600000,0x0000004153700000)]
  0x00000173a603cae0 JavaThread "C2 CompilerThread0" daemon [_thread_blocked, id=17412, stack(0x0000004153700000,0x0000004153800000)]
  0x00000173a603d590 JavaThread "C1 CompilerThread0" daemon [_thread_blocked, id=16152, stack(0x0000004153800000,0x0000004153900000)]
  0x00000173a604ecf0 JavaThread "Sweeper thread" daemon [_thread_blocked, id=3732, stack(0x0000004153900000,0x0000004153a00000)]
  0x00000173a611ba80 JavaThread "Common-Cleaner" daemon [_thread_blocked, id=12876, stack(0x0000004153a00000,0x0000004153b00000)]
  0x00000173a6393010 JavaThread "Notification Thread" daemon [_thread_blocked, id=4872, stack(0x0000004153b00000,0x0000004153c00000)]
  0x00000173a8176320 JavaThread "Daemon health stats" [_thread_blocked, id=26620, stack(0x0000004154200000,0x0000004154300000)]
  0x00000173a8175900 JavaThread "Incoming local TCP Connector on port 42685" [_thread_in_native, id=20972, stack(0x0000004154300000,0x0000004154400000)]
  0x00000173a8176830 JavaThread "Daemon periodic checks" [_thread_blocked, id=17648, stack(0x0000004154400000,0x0000004154500000)]
  0x00000173a8176d40 JavaThread "Daemon" [_thread_blocked, id=27292, stack(0x0000004154500000,0x0000004154600000)]
  0x00000173a8177250 JavaThread "Handler for socket connection from /127.0.0.1:42685 to /127.0.0.1:42686" [_thread_in_native, id=24436, stack(0x0000004154600000,0x0000004154700000)]
  0x00000173a8175e10 JavaThread "Cancel handler" [_thread_blocked, id=25216, stack(0x0000004154700000,0x0000004154800000)]
  0x00000173a8178180 JavaThread "Daemon worker" [_thread_blocked, id=8764, stack(0x0000004154800000,0x0000004154900000)]
  0x00000173a8177760 JavaThread "Asynchronous log dispatcher for DefaultDaemonConnection: socket connection from /127.0.0.1:42685 to /127.0.0.1:42686" [_thread_blocked, id=12536, stack(0x0000004154900000,0x0000004154a00000)]
  0x00000173a8177c70 JavaThread "Stdin handler" [_thread_blocked, id=19212, stack(0x0000004154a00000,0x0000004154b00000)]
  0x00000173a8178ba0 JavaThread "Daemon client event forwarder" [_thread_blocked, id=8600, stack(0x0000004154b00000,0x0000004154c00000)]
  0x00000173a8178690 JavaThread "Cache worker for journal cache (C:\Users\Somesh\.gradle\caches\journal-1)" [_thread_blocked, id=26916, stack(0x0000004154f00000,0x0000004155000000)]
  0x00000173a77f9fd0 JavaThread "File lock request listener" [_thread_in_native, id=22372, stack(0x0000004155000000,0x0000004155100000)]
  0x00000173a77fa4e0 JavaThread "Cache worker for file hash cache (C:\Users\Somesh\.gradle\caches\8.7\fileHashes)" [_thread_blocked, id=18792, stack(0x0000004155100000,0x0000004155200000)]
  0x00000173a8eed340 JavaThread "C2 CompilerThread1" daemon [_thread_blocked, id=19476, stack(0x0000004155200000,0x0000004155300000)]
  0x00000173a77fbe30 JavaThread "Cache worker for file hash cache (D:\AndroidStudioProjects\GradeMaster\.gradle\8.7\fileHashes)" [_thread_blocked, id=27260, stack(0x0000004155400000,0x0000004155500000)]
  0x00000173a77fb920 JavaThread "File watcher server" daemon [_thread_in_native, id=18916, stack(0x0000004155500000,0x0000004155600000)]
  0x00000173a77fc340 JavaThread "File watcher consumer" daemon [_thread_blocked, id=9616, stack(0x0000004155600000,0x0000004155700000)]
  0x00000173a77fb410 JavaThread "jar transforms" [_thread_blocked, id=21516, stack(0x0000004155700000,0x0000004155800000)]
  0x00000173a77fc850 JavaThread "jar transforms Thread 2" [_thread_blocked, id=10076, stack(0x0000004155800000,0x0000004155900000)]
  0x00000173a77fcd60 JavaThread "jar transforms Thread 3" [_thread_blocked, id=16784, stack(0x0000004155900000,0x0000004155a00000)]
  0x00000173a77f95b0 JavaThread "jar transforms Thread 4" [_thread_blocked, id=25368, stack(0x0000004155a00000,0x0000004155b00000)]
  0x00000173a77fa9f0 JavaThread "jar transforms Thread 5" [_thread_blocked, id=7436, stack(0x0000004155b00000,0x0000004155c00000)]
  0x00000173a77f9ac0 JavaThread "jar transforms Thread 6" [_thread_blocked, id=12992, stack(0x0000004155c00000,0x0000004155d00000)]
  0x00000173a77faf00 JavaThread "jar transforms Thread 7" [_thread_blocked, id=26232, stack(0x0000004155d00000,0x0000004155e00000)]
  0x00000173a947c9f0 JavaThread "jar transforms Thread 8" [_thread_blocked, id=27568, stack(0x0000004155e00000,0x0000004155f00000)]
  0x00000173a947a170 JavaThread "Cache worker for checksums cache (D:\AndroidStudioProjects\GradeMaster\.gradle\8.7\checksums)" [_thread_blocked, id=9060, stack(0x0000004155300000,0x0000004155400000)]
  0x00000173a947b0a0 JavaThread "Cache worker for cache directory md-supplier (C:\Users\Somesh\.gradle\caches\8.7\md-supplier)" [_thread_blocked, id=26496, stack(0x0000004155f00000,0x0000004156000000)]
  0x00000173a94773e0 JavaThread "Cache worker for cache directory md-rule (C:\Users\Somesh\.gradle\caches\8.7\md-rule)" [_thread_blocked, id=24300, stack(0x0000004156000000,0x0000004156100000)]
  0x00000173a94778f0 JavaThread "Cache worker for file content cache (C:\Users\Somesh\.gradle\caches\8.7\fileContent)" [_thread_blocked, id=1772, stack(0x0000004156100000,0x0000004156200000)]
  0x00000173a8eedde0 JavaThread "C2 CompilerThread2" daemon [_thread_blocked, id=108, stack(0x0000004156200000,0x0000004156300000)]

Other Threads:
=>0x00000173a1d69d20 VMThread "VM Thread" [stack: 0x0000004153000000,0x0000004153100000] [id=15292]
  0x00000173a62fedf0 WatcherThread [stack: 0x0000004153c00000,0x0000004153d00000] [id=26076]
  0x0000017385fa5ec0 GCTaskThread "GC Thread#0" [stack: 0x0000004152b00000,0x0000004152c00000] [id=21592]
  0x00000173a6be8830 GCTaskThread "GC Thread#1" [stack: 0x0000004153e00000,0x0000004153f00000] [id=26460]
  0x00000173a720ffc0 GCTaskThread "GC Thread#2" [stack: 0x0000004153f00000,0x0000004154000000] [id=26804]
  0x00000173a70f1c70 GCTaskThread "GC Thread#3" [stack: 0x0000004154000000,0x0000004154100000] [id=22776]
  0x00000173a6fb19c0 GCTaskThread "GC Thread#4" [stack: 0x0000004154100000,0x0000004154200000] [id=7972]
  0x00000173a78ffb10 GCTaskThread "GC Thread#5" [stack: 0x0000004153d00000,0x0000004153e00000] [id=26876]
  0x00000173a7cc7810 GCTaskThread "GC Thread#6" [stack: 0x0000004154c00000,0x0000004154d00000] [id=23848]
  0x00000173a63934f0 GCTaskThread "GC Thread#7" [stack: 0x0000004154d00000,0x0000004154e00000] [id=11752]
  0x0000017385fb6e10 ConcurrentGCThread "G1 Main Marker" [stack: 0x0000004152c00000,0x0000004152d00000] [id=7848]
  0x0000017385fb7830 ConcurrentGCThread "G1 Conc#0" [stack: 0x0000004152d00000,0x0000004152e00000] [id=19120]
  0x00000173a76e7bf0 ConcurrentGCThread "G1 Conc#1" [stack: 0x0000004154e00000,0x0000004154f00000] [id=14696]
  0x00000173a1bb24c0 ConcurrentGCThread "G1 Refine#0" [stack: 0x0000004152e00000,0x0000004152f00000] [id=26352]
  0x00000173a1bb2ef0 ConcurrentGCThread "G1 Service" [stack: 0x0000004152f00000,0x0000004153000000] [id=21608]

Threads with active compile tasks:
C2 CompilerThread0     5198 3455   !   4       jdk.internal.loader.Resource::getBytes (244 bytes)

VM state: at safepoint (normal execution)

VM Mutex/Monitor currently owned by a thread:  ([mutex/lock_event])
[0x0000017385f452c0] Threads_lock - owner thread: 0x00000173a1d69d20
[0x0000017385f45740] Heap_lock - owner thread: 0x00000173a8178180

Heap address: 0x0000000080000000, size: 2048 MB, Compressed Oops mode: 32-bit

CDS archive(s) not mapped
Compressed class space mapped at: 0x0000000100000000-0x0000000140000000, reserved size: 1073741824
Narrow klass base: 0x0000000000000000, Narrow klass shift: 3, Narrow klass range: 0x140000000

GC Precious Log:
 CPUs: 8 total, 8 available
 Memory: 8025M
 Large Page Support: Disabled
 NUMA Support: Disabled
 Compressed Oops: Enabled (32-bit)
 Heap Region Size: 1M
 Heap Min Capacity: 8M
 Heap Initial Capacity: 126M
 Heap Max Capacity: 2G
 Pre-touch: Disabled
 Parallel Workers: 8
 Concurrent Workers: 2
 Concurrent Refinement Workers: 8
 Periodic GC: Disabled

Heap:
 garbage-first heap   total 77824K, used 42510K [0x0000000080000000, 0x0000000100000000)
  region size 1024K, 3 young (3072K), 3 survivors (3072K)
 Metaspace       used 41789K, committed 42176K, reserved 1114112K
  class space    used 5718K, committed 5888K, reserved 1048576K

Heap Regions: E=young(eden), S=young(survivor), O=old, HS=humongous(starts), HC=humongous(continues), CS=collection set, F=free, OA=open archive, CA=closed archive, TAMS=top-at-mark-start (previous, next)
|   0|0x0000000080000000, 0x0000000080100000, 0x0000000080100000|100%|HS|  |TAMS 0x0000000080100000, 0x0000000080100000| Complete 
|   1|0x0000000080100000, 0x0000000080200000, 0x0000000080200000|100%|HC|  |TAMS 0x0000000080200000, 0x0000000080200000| Complete 
|   2|0x0000000080200000, 0x0000000080300000, 0x0000000080300000|100%|HC|  |TAMS 0x0000000080300000, 0x0000000080300000| Complete 
|   3|0x0000000080300000, 0x0000000080400000, 0x0000000080400000|100%|HC|  |TAMS 0x0000000080400000, 0x0000000080400000| Complete 
|   4|0x0000000080400000, 0x0000000080500000, 0x0000000080500000|100%| O|  |TAMS 0x0000000080500000, 0x0000000080500000| Untracked 
|   5|0x0000000080500000, 0x0000000080600000, 0x0000000080600000|100%| O|  |TAMS 0x0000000080600000, 0x0000000080600000| Untracked 
|   6|0x0000000080600000, 0x0000000080700000, 0x0000000080700000|100%| O|  |TAMS 0x0000000080700000, 0x0000000080700000| Untracked 
|   7|0x0000000080700000, 0x0000000080800000, 0x0000000080800000|100%| O|  |TAMS 0x0000000080800000, 0x0000000080800000| Untracked 
|   8|0x0000000080800000, 0x0000000080900000, 0x0000000080900000|100%| O|  |TAMS 0x0000000080900000, 0x0000000080900000| Untracked 
|   9|0x0000000080900000, 0x0000000080a00000, 0x0000000080a00000|100%| O|  |TAMS 0x0000000080a00000, 0x0000000080a00000| Untracked 
|  10|0x0000000080a00000, 0x0000000080a2f000, 0x0000000080b00000| 18%| O|  |TAMS 0x0000000080a2f000, 0x0000000080a2f000| Untracked 
|  11|0x0000000080b00000, 0x0000000080c00000, 0x0000000080c00000|100%| O|  |TAMS 0x0000000080c00000, 0x0000000080c00000| Untracked 
|  12|0x0000000080c00000, 0x0000000080d00000, 0x0000000080d00000|100%| O|  |TAMS 0x0000000080d00000, 0x0000000080d00000| Untracked 
|  13|0x0000000080d00000, 0x0000000080e00000, 0x0000000080e00000|100%| O|  |TAMS 0x0000000080e00000, 0x0000000080e00000| Untracked 
|  14|0x0000000080e00000, 0x0000000080f00000, 0x0000000080f00000|100%| O|  |TAMS 0x0000000080f00000, 0x0000000080f00000| Untracked 
|  15|0x0000000080f00000, 0x0000000081000000, 0x0000000081000000|100%| O|  |TAMS 0x0000000081000000, 0x0000000081000000| Untracked 
|  16|0x0000000081000000, 0x0000000081100000, 0x0000000081100000|100%| O|  |TAMS 0x0000000081100000, 0x0000000081100000| Untracked 
|  17|0x0000000081100000, 0x0000000081200000, 0x0000000081200000|100%| O|  |TAMS 0x0000000081200000, 0x0000000081200000| Untracked 
|  18|0x0000000081200000, 0x0000000081300000, 0x0000000081300000|100%| O|  |TAMS 0x0000000081300000, 0x0000000081300000| Untracked 
|  19|0x0000000081300000, 0x0000000081400000, 0x0000000081400000|100%| O|  |TAMS 0x0000000081400000, 0x0000000081400000| Untracked 
|  20|0x0000000081400000, 0x0000000081500000, 0x0000000081500000|100%|HS|  |TAMS 0x0000000081500000, 0x0000000081500000| Complete 
|  21|0x0000000081500000, 0x0000000081600000, 0x0000000081600000|100%|HC|  |TAMS 0x0000000081600000, 0x0000000081600000| Complete 
|  22|0x0000000081600000, 0x0000000081700000, 0x0000000081700000|100%|HC|  |TAMS 0x0000000081700000, 0x0000000081700000| Complete 
|  23|0x0000000081700000, 0x0000000081800000, 0x0000000081800000|100%|HC|  |TAMS 0x0000000081800000, 0x0000000081800000| Complete 
|  24|0x0000000081800000, 0x0000000081900000, 0x0000000081900000|100%|HC|  |TAMS 0x0000000081900000, 0x0000000081900000| Complete 
|  25|0x0000000081900000, 0x0000000081a00000, 0x0000000081a00000|100%|HS|  |TAMS 0x0000000081a00000, 0x0000000081a00000| Complete 
|  26|0x0000000081a00000, 0x0000000081b00000, 0x0000000081b00000|100%|HC|  |TAMS 0x0000000081b00000, 0x0000000081b00000| Complete 
|  27|0x0000000081b00000, 0x0000000081c00000, 0x0000000081c00000|100%|HC|  |TAMS 0x0000000081c00000, 0x0000000081c00000| Complete 
|  28|0x0000000081c00000, 0x0000000081d00000, 0x0000000081d00000|100%|HS|  |TAMS 0x0000000081d00000, 0x0000000081d00000| Complete 
|  29|0x0000000081d00000, 0x0000000081e00000, 0x0000000081e00000|100%|HC|  |TAMS 0x0000000081e00000, 0x0000000081e00000| Complete 
|  30|0x0000000081e00000, 0x0000000081f00000, 0x0000000081f00000|100%|HC|  |TAMS 0x0000000081f00000, 0x0000000081f00000| Complete 
|  31|0x0000000081f00000, 0x0000000082000000, 0x0000000082000000|100%| O|  |TAMS 0x0000000082000000, 0x0000000082000000| Untracked 
|  32|0x0000000082000000, 0x0000000082100000, 0x0000000082100000|100%| O|  |TAMS 0x0000000082100000, 0x0000000082100000| Untracked 
|  33|0x0000000082100000, 0x0000000082200000, 0x0000000082200000|100%| O|  |TAMS 0x0000000082200000, 0x0000000082200000| Untracked 
|  34|0x0000000082200000, 0x0000000082300000, 0x0000000082300000|100%|HS|  |TAMS 0x0000000082300000, 0x0000000082300000| Complete 
|  35|0x0000000082300000, 0x0000000082400000, 0x0000000082400000|100%| O|  |TAMS 0x0000000082400000, 0x0000000082400000| Untracked 
|  36|0x0000000082400000, 0x0000000082500000, 0x0000000082500000|100%| O|  |TAMS 0x0000000082500000, 0x0000000082500000| Untracked 
|  37|0x0000000082500000, 0x0000000082600000, 0x0000000082600000|100%| O|  |TAMS 0x0000000082600000, 0x0000000082600000| Untracked 
|  38|0x0000000082600000, 0x0000000082700000, 0x0000000082700000|100%| O|  |TAMS 0x0000000082674800, 0x0000000082674800| Untracked 
|  39|0x0000000082700000, 0x0000000082754800, 0x0000000082800000| 33%| O|  |TAMS 0x0000000082700000, 0x0000000082700000| Untracked 
|  40|0x0000000082800000, 0x0000000082800000, 0x0000000082900000|  0%| F|  |TAMS 0x0000000082800000, 0x0000000082800000| Untracked 
|  41|0x0000000082900000, 0x0000000082900000, 0x0000000082a00000|  0%| F|  |TAMS 0x0000000082900000, 0x0000000082900000| Untracked 
|  42|0x0000000082a00000, 0x0000000082a00000, 0x0000000082b00000|  0%| F|  |TAMS 0x0000000082a00000, 0x0000000082a00000| Untracked 
|  43|0x0000000082b00000, 0x0000000082b00000, 0x0000000082c00000|  0%| F|  |TAMS 0x0000000082b00000, 0x0000000082b00000| Untracked 
|  44|0x0000000082c00000, 0x0000000082c00000, 0x0000000082d00000|  0%| F|  |TAMS 0x0000000082c00000, 0x0000000082c00000| Untracked 
|  45|0x0000000082d00000, 0x0000000082d00000, 0x0000000082e00000|  0%| F|  |TAMS 0x0000000082d00000, 0x0000000082d00000| Untracked 
|  46|0x0000000082e00000, 0x0000000082e00000, 0x0000000082f00000|  0%| F|  |TAMS 0x0000000082e00000, 0x0000000082e00000| Untracked 
|  47|0x0000000082f00000, 0x0000000082f00000, 0x0000000083000000|  0%| F|  |TAMS 0x0000000082f00000, 0x0000000082f00000| Untracked 
|  48|0x0000000083000000, 0x0000000083000000, 0x0000000083100000|  0%| F|  |TAMS 0x0000000083000000, 0x0000000083000000| Untracked 
|  49|0x0000000083100000, 0x0000000083100000, 0x0000000083200000|  0%| F|  |TAMS 0x0000000083100000, 0x0000000083100000| Untracked 
|  50|0x0000000083200000, 0x0000000083200000, 0x0000000083300000|  0%| F|  |TAMS 0x0000000083200000, 0x0000000083200000| Untracked 
|  51|0x0000000083300000, 0x0000000083300000, 0x0000000083400000|  0%| F|  |TAMS 0x0000000083300000, 0x0000000083300000| Untracked 
|  52|0x0000000083400000, 0x0000000083500000, 0x0000000083500000|100%| S|CS|TAMS 0x0000000083400000, 0x0000000083400000| Complete 
|  53|0x0000000083500000, 0x0000000083600000, 0x0000000083600000|100%| S|CS|TAMS 0x0000000083500000, 0x0000000083500000| Complete 
|  54|0x0000000083600000, 0x0000000083700000, 0x0000000083700000|100%| S|CS|TAMS 0x0000000083600000, 0x0000000083600000| Complete 
|  55|0x0000000083700000, 0x0000000083700000, 0x0000000083800000|  0%| F|  |TAMS 0x0000000083700000, 0x0000000083700000| Untracked 
|  56|0x0000000083800000, 0x0000000083800000, 0x0000000083900000|  0%| F|  |TAMS 0x0000000083800000, 0x0000000083800000| Untracked 
|  57|0x0000000083900000, 0x0000000083900000, 0x0000000083a00000|  0%| F|  |TAMS 0x0000000083900000, 0x0000000083900000| Untracked 
|  58|0x0000000083a00000, 0x0000000083a00000, 0x0000000083b00000|  0%| F|  |TAMS 0x0000000083a00000, 0x0000000083a00000| Untracked 
|  59|0x0000000083b00000, 0x0000000083b00000, 0x0000000083c00000|  0%| F|  |TAMS 0x0000000083b00000, 0x0000000083b00000| Untracked 
|  60|0x0000000083c00000, 0x0000000083c00000, 0x0000000083d00000|  0%| F|  |TAMS 0x0000000083c00000, 0x0000000083c00000| Untracked 
|  61|0x0000000083d00000, 0x0000000083d00000, 0x0000000083e00000|  0%| F|  |TAMS 0x0000000083d00000, 0x0000000083d00000| Untracked 
|  62|0x0000000083e00000, 0x0000000083e00000, 0x0000000083f00000|  0%| F|  |TAMS 0x0000000083e00000, 0x0000000083e00000| Untracked 
|  63|0x0000000083f00000, 0x0000000083f00000, 0x0000000084000000|  0%| F|  |TAMS 0x0000000083f00000, 0x0000000083f00000| Untracked 
|  64|0x0000000084000000, 0x0000000084000000, 0x0000000084100000|  0%| F|  |TAMS 0x0000000084000000, 0x0000000084000000| Untracked 
|  65|0x0000000084100000, 0x0000000084100000, 0x0000000084200000|  0%| F|  |TAMS 0x0000000084100000, 0x0000000084100000| Untracked 
|  66|0x0000000084200000, 0x0000000084200000, 0x0000000084300000|  0%| F|  |TAMS 0x0000000084200000, 0x0000000084200000| Untracked 
|  67|0x0000000084300000, 0x0000000084300000, 0x0000000084400000|  0%| F|  |TAMS 0x0000000084300000, 0x0000000084300000| Untracked 
|  68|0x0000000084400000, 0x0000000084400000, 0x0000000084500000|  0%| F|  |TAMS 0x0000000084400000, 0x0000000084400000| Untracked 
|  69|0x0000000084500000, 0x0000000084500000, 0x0000000084600000|  0%| F|  |TAMS 0x0000000084500000, 0x0000000084500000| Untracked 
|  70|0x0000000084600000, 0x0000000084600000, 0x0000000084700000|  0%| F|  |TAMS 0x0000000084600000, 0x0000000084600000| Untracked 
|  71|0x0000000084700000, 0x0000000084700000, 0x0000000084800000|  0%| F|  |TAMS 0x0000000084700000, 0x0000000084700000| Untracked 
|  72|0x0000000084800000, 0x0000000084800000, 0x0000000084900000|  0%| F|  |TAMS 0x0000000084800000, 0x0000000084800000| Untracked 
|  73|0x0000000084900000, 0x0000000084900000, 0x0000000084a00000|  0%| F|  |TAMS 0x0000000084900000, 0x0000000084900000| Untracked 
|  74|0x0000000084a00000, 0x0000000084a00000, 0x0000000084b00000|  0%| F|  |TAMS 0x0000000084a00000, 0x0000000084a00000| Untracked 
| 125|0x0000000087d00000, 0x0000000087d00000, 0x0000000087e00000|  0%| F|  |TAMS 0x0000000087d00000, 0x0000000087d00000| Untracked 

Card table byte_map: [0x000001739aa70000,0x000001739ae70000] _byte_map_base: 0x000001739a670000

Marking Bits (Prev, Next): (CMBitMap*) 0x0000017385fa6520, (CMBitMap*) 0x0000017385fa64e0
 Prev Bits: [0x000001739d270000, 0x000001739f270000)
 Next Bits: [0x000001739b270000, 0x000001739d270000)

Polling page: 0x0000017386010000

Metaspace:

Usage:
  Non-class:     35.23 MB used.
      Class:      5.58 MB used.
       Both:     40.81 MB used.

Virtual space:
  Non-class space:       64.00 MB reserved,      35.44 MB ( 55%) committed,  1 nodes.
      Class space:        1.00 GB reserved,       5.75 MB ( <1%) committed,  1 nodes.
             Both:        1.06 GB reserved,      41.19 MB (  4%) committed. 

Chunk freelists:
   Non-Class:  12.28 MB
       Class:  10.28 MB
        Both:  22.56 MB

MaxMetaspaceSize: unlimited
CompressedClassSpaceSize: 1.00 GB
Initial GC threshold: 21.00 MB
Current GC threshold: 59.31 MB
CDS: off
MetaspaceReclaimPolicy: balanced
 - commit_granule_bytes: 65536.
 - commit_granule_words: 8192.
 - virtual_space_node_default_size: 8388608.
 - enlarge_chunks_in_place: 1.
 - new_chunks_are_fully_committed: 0.
 - uncommit_free_chunks: 1.
 - use_allocation_guard: 0.
 - handle_deallocations: 1.


Internal statistics:

num_allocs_failed_limit: 3.
num_arena_births: 420.
num_arena_deaths: 0.
num_vsnodes_births: 2.
num_vsnodes_deaths: 0.
num_space_committed: 659.
num_space_uncommitted: 0.
num_chunks_returned_to_freelist: 3.
num_chunks_taken_from_freelist: 1723.
num_chunk_merges: 3.
num_chunk_splits: 1083.
num_chunks_enlarged: 720.
num_inconsistent_stats: 0.

CodeHeap 'non-profiled nmethods': size=120000Kb used=2204Kb max_used=2204Kb free=117796Kb
 bounds [0x00000173926d0000, 0x0000017392940000, 0x0000017399c00000]
CodeHeap 'profiled nmethods': size=120000Kb used=7341Kb max_used=7341Kb free=112658Kb
 bounds [0x000001738ac00000, 0x000001738b330000, 0x0000017392130000]
CodeHeap 'non-nmethods': size=5760Kb used=1250Kb max_used=1351Kb free=4510Kb
 bounds [0x0000017392130000, 0x00000173923a0000, 0x00000173926d0000]
 total_blobs=4066 nmethods=3505 adapters=473
 compilation: enabled
              stopped_count=0, restarted_count=0
 full_count=0

Compilation events (20 events):
Event: 5.148 Thread 0x00000173a603d590 nmethod 3492 0x000001738b326990 code [0x000001738b326b80, 0x000001738b3271e8]
Event: 5.148 Thread 0x00000173a603d590 3499       3       jdk.internal.misc.Unsafe::checkNativeAddress (28 bytes)
Event: 5.148 Thread 0x00000173a603d590 nmethod 3499 0x000001738b327410 code [0x000001738b3275a0, 0x000001738b3276b8]
Event: 5.150 Thread 0x00000173a603d590 3500       3       java.util.Spliterators$ArraySpliterator::forEachRemaining (68 bytes)
Event: 5.150 Thread 0x00000173a603d590 nmethod 3500 0x000001738b327790 code [0x000001738b327960, 0x000001738b327dd8]
Event: 5.152 Thread 0x00000173a603d590 3501       3       jdk.internal.jimage.ImageBufferCache::getCapacity (21 bytes)
Event: 5.153 Thread 0x00000173a603d590 nmethod 3501 0x000001738b327f90 code [0x000001738b328140, 0x000001738b328448]
Event: 5.153 Thread 0x00000173a603d590 3502       1       jdk.internal.jimage.decompressor.CompressedResourceHeader::getSize (3 bytes)
Event: 5.153 Thread 0x00000173a603d590 nmethod 3502 0x00000173928ef590 code [0x00000173928ef720, 0x00000173928ef7d8]
Event: 5.153 Thread 0x00000173a8eed340 3503       4       java.util.HashMap::putVal (300 bytes)
Event: 5.153 Thread 0x00000173a603d590 3504       3       java.lang.PublicMethods::toArray (76 bytes)
Event: 5.153 Thread 0x00000173a603d590 nmethod 3504 0x000001738b328590 code [0x000001738b3287a0, 0x000001738b329038]
Event: 5.153 Thread 0x00000173a603d590 3505       3       java.util.Spliterators::spliterator (25 bytes)
Event: 5.153 Thread 0x00000173a603d590 nmethod 3505 0x000001738b329290 code [0x000001738b329460, 0x000001738b329898]
Event: 5.153 Thread 0x00000173a603d590 3506       3       java.util.stream.ReferencePipeline::collect (124 bytes)
Event: 5.154 Thread 0x00000173a603d590 nmethod 3506 0x000001738b329a90 code [0x000001738b329d20, 0x000001738b32a948]
Event: 5.154 Thread 0x00000173a8eedde0 nmethod 3344% 0x00000173928ef890 code [0x00000173928efce0, 0x00000173928f3bb0]
Event: 5.154 Thread 0x00000173a603d590 3507       3       java.util.jar.Attributes::<init> (7 bytes)
Event: 5.155 Thread 0x00000173a603d590 nmethod 3507 0x000001738b32ad90 code [0x000001738b32af80, 0x000001738b32b328]
Event: 5.160 Thread 0x00000173a8eed340 nmethod 3503 0x00000173928f6090 code [0x00000173928f6260, 0x00000173928f6aa8]

GC Heap History (19 events):
Event: 1.176 GC heap before
{Heap before GC invocations=0 (full 0):
 garbage-first heap   total 129024K, used 26624K [0x0000000080000000, 0x0000000100000000)
  region size 1024K, 23 young (23552K), 0 survivors (0K)
 Metaspace       used 10438K, committed 10560K, reserved 1114112K
  class space    used 1080K, committed 1152K, reserved 1048576K
}
Event: 1.183 GC heap after
{Heap after GC invocations=1 (full 0):
 garbage-first heap   total 129024K, used 10347K [0x0000000080000000, 0x0000000100000000)
  region size 1024K, 3 young (3072K), 3 survivors (3072K)
 Metaspace       used 10438K, committed 10560K, reserved 1114112K
  class space    used 1080K, committed 1152K, reserved 1048576K
}
Event: 1.744 GC heap before
{Heap before GC invocations=1 (full 0):
 garbage-first heap   total 129024K, used 36971K [0x0000000080000000, 0x0000000100000000)
  region size 1024K, 29 young (29696K), 3 survivors (3072K)
 Metaspace       used 11461K, committed 11648K, reserved 1114112K
  class space    used 1198K, committed 1280K, reserved 1048576K
}
Event: 1.747 GC heap after
{Heap after GC invocations=2 (full 0):
 garbage-first heap   total 129024K, used 11301K [0x0000000080000000, 0x0000000100000000)
  region size 1024K, 1 young (1024K), 1 survivors (1024K)
 Metaspace       used 11461K, committed 11648K, reserved 1114112K
  class space    used 1198K, committed 1280K, reserved 1048576K
}
Event: 2.868 GC heap before
{Heap before GC invocations=2 (full 0):
 garbage-first heap   total 129024K, used 62501K [0x0000000080000000, 0x0000000100000000)
  region size 1024K, 51 young (52224K), 1 survivors (1024K)
 Metaspace       used 21278K, committed 21504K, reserved 1114112K
  class space    used 2504K, committed 2624K, reserved 1048576K
}
Event: 2.874 GC heap after
{Heap after GC invocations=3 (full 0):
 garbage-first heap   total 129024K, used 19226K [0x0000000080000000, 0x0000000100000000)
  region size 1024K, 9 young (9216K), 9 survivors (9216K)
 Metaspace       used 21278K, committed 21504K, reserved 1114112K
  class space    used 2504K, committed 2624K, reserved 1048576K
}
Event: 3.411 GC heap before
{Heap before GC invocations=4 (full 0):
 garbage-first heap   total 71680K, used 53018K [0x0000000080000000, 0x0000000100000000)
  region size 1024K, 42 young (43008K), 9 survivors (9216K)
 Metaspace       used 26640K, committed 26944K, reserved 1114112K
  class space    used 3390K, committed 3520K, reserved 1048576K
}
Event: 3.416 GC heap after
{Heap after GC invocations=5 (full 0):
 garbage-first heap   total 71680K, used 20569K [0x0000000080000000, 0x0000000100000000)
  region size 1024K, 2 young (2048K), 2 survivors (2048K)
 Metaspace       used 26640K, committed 26944K, reserved 1114112K
  class space    used 3390K, committed 3520K, reserved 1048576K
}
Event: 3.888 GC heap before
{Heap before GC invocations=5 (full 0):
 garbage-first heap   total 71680K, used 49241K [0x0000000080000000, 0x0000000100000000)
  region size 1024K, 30 young (30720K), 2 survivors (2048K)
 Metaspace       used 30324K, committed 30656K, reserved 1114112K
  class space    used 4016K, committed 4160K, reserved 1048576K
}
Event: 3.892 GC heap after
{Heap after GC invocations=6 (full 0):
 garbage-first heap   total 71680K, used 22260K [0x0000000080000000, 0x0000000100000000)
  region size 1024K, 4 young (4096K), 4 survivors (4096K)
 Metaspace       used 30324K, committed 30656K, reserved 1114112K
  class space    used 4016K, committed 4160K, reserved 1048576K
}
Event: 4.210 GC heap before
{Heap before GC invocations=6 (full 0):
 garbage-first heap   total 71680K, used 47860K [0x0000000080000000, 0x0000000100000000)
  region size 1024K, 20 young (20480K), 4 survivors (4096K)
 Metaspace       used 32085K, committed 32384K, reserved 1114112K
  class space    used 4343K, committed 4480K, reserved 1048576K
}
Event: 4.214 GC heap after
{Heap after GC invocations=7 (full 0):
 garbage-first heap   total 71680K, used 37524K [0x0000000080000000, 0x0000000100000000)
  region size 1024K, 4 young (4096K), 4 survivors (4096K)
 Metaspace       used 32085K, committed 32384K, reserved 1114112K
  class space    used 4343K, committed 4480K, reserved 1048576K
}
Event: 4.469 GC heap before
{Heap before GC invocations=8 (full 0):
 garbage-first heap   total 71680K, used 54932K [0x0000000080000000, 0x0000000100000000)
  region size 1024K, 20 young (20480K), 4 survivors (4096K)
 Metaspace       used 34217K, committed 34560K, reserved 1114112K
  class space    used 4686K, committed 4864K, reserved 1048576K
}
Event: 4.472 GC heap after
{Heap after GC invocations=9 (full 0):
 garbage-first heap   total 71680K, used 39501K [0x0000000080000000, 0x0000000100000000)
  region size 1024K, 1 young (1024K), 1 survivors (1024K)
 Metaspace       used 34217K, committed 34560K, reserved 1114112K
  class space    used 4686K, committed 4864K, reserved 1048576K
}
Event: 4.674 GC heap before
{Heap before GC invocations=9 (full 0):
 garbage-first heap   total 71680K, used 54861K [0x0000000080000000, 0x0000000100000000)
  region size 1024K, 16 young (16384K), 1 survivors (1024K)
 Metaspace       used 36000K, committed 36352K, reserved 1114112K
  class space    used 4975K, committed 5120K, reserved 1048576K
}
Event: 4.676 GC heap after
{Heap after GC invocations=10 (full 0):
 garbage-first heap   total 71680K, used 40108K [0x0000000080000000, 0x0000000100000000)
  region size 1024K, 2 young (2048K), 2 survivors (2048K)
 Metaspace       used 36000K, committed 36352K, reserved 1114112K
  class space    used 4975K, committed 5120K, reserved 1048576K
}
Event: 4.917 GC heap before
{Heap before GC invocations=11 (full 0):
 garbage-first heap   total 71680K, used 56492K [0x0000000080000000, 0x0000000100000000)
  region size 1024K, 18 young (18432K), 2 survivors (2048K)
 Metaspace       used 38426K, committed 38848K, reserved 1114112K
  class space    used 5364K, committed 5568K, reserved 1048576K
}
Event: 4.920 GC heap after
{Heap after GC invocations=12 (full 0):
 garbage-first heap   total 71680K, used 40886K [0x0000000080000000, 0x0000000100000000)
  region size 1024K, 3 young (3072K), 3 survivors (3072K)
 Metaspace       used 38426K, committed 38848K, reserved 1114112K
  class space    used 5364K, committed 5568K, reserved 1048576K
}
Event: 5.171 GC heap before
{Heap before GC invocations=12 (full 0):
 garbage-first heap   total 71680K, used 56246K [0x0000000080000000, 0x0000000100000000)
  region size 1024K, 18 young (18432K), 3 survivors (3072K)
 Metaspace       used 41789K, committed 42176K, reserved 1114112K
  class space    used 5718K, committed 5888K, reserved 1048576K
}

Dll operation events (3 events):
Event: 0.022 Loaded shared library C:\Program Files\Android\Android Studio\jbr\bin\java.dll
Event: 0.222 Loaded shared library C:\Program Files\Android\Android Studio\jbr\bin\zip.dll
Event: 0.757 Loaded shared library C:\Program Files\Android\Android Studio\jbr\bin\verify.dll

Deoptimization events (20 events):
Event: 5.107 Thread 0x00000173a8178180 Uncommon trap: trap_request=0xffffffde fr.pc=0x00000173928b9a90 relative=0x00000000000002d0
Event: 5.107 Thread 0x00000173a8178180 Uncommon trap: reason=class_check action=maybe_recompile pc=0x00000173928b9a90 method=java.lang.reflect.Executable.getAnnotation(Ljava/lang/Class;)Ljava/lang/annotation/Annotation; @ 19 c2
Event: 5.107 Thread 0x00000173a8178180 DEOPT PACKING pc=0x00000173928b9a90 sp=0x00000041548f6d70
Event: 5.107 Thread 0x00000173a8178180 DEOPT UNPACKING pc=0x00000173921869a3 sp=0x00000041548f6cc8 mode 2
Event: 5.107 Thread 0x00000173a8178180 Uncommon trap: trap_request=0xffffffde fr.pc=0x00000173928b9a90 relative=0x00000000000002d0
Event: 5.107 Thread 0x00000173a8178180 Uncommon trap: reason=class_check action=maybe_recompile pc=0x00000173928b9a90 method=java.lang.reflect.Executable.getAnnotation(Ljava/lang/Class;)Ljava/lang/annotation/Annotation; @ 19 c2
Event: 5.107 Thread 0x00000173a8178180 DEOPT PACKING pc=0x00000173928b9a90 sp=0x00000041548f6d70
Event: 5.107 Thread 0x00000173a8178180 DEOPT UNPACKING pc=0x00000173921869a3 sp=0x00000041548f6cc8 mode 2
Event: 5.107 Thread 0x00000173a8178180 Uncommon trap: trap_request=0xffffffde fr.pc=0x00000173928b9a90 relative=0x00000000000002d0
Event: 5.107 Thread 0x00000173a8178180 Uncommon trap: reason=class_check action=maybe_recompile pc=0x00000173928b9a90 method=java.lang.reflect.Executable.getAnnotation(Ljava/lang/Class;)Ljava/lang/annotation/Annotation; @ 19 c2
Event: 5.107 Thread 0x00000173a8178180 DEOPT PACKING pc=0x00000173928b9a90 sp=0x00000041548f6d70
Event: 5.107 Thread 0x00000173a8178180 DEOPT UNPACKING pc=0x00000173921869a3 sp=0x00000041548f6cc8 mode 2
Event: 5.112 Thread 0x00000173a8178180 Uncommon trap: trap_request=0xffffffc6 fr.pc=0x0000017392893430 relative=0x00000000000001f0
Event: 5.112 Thread 0x00000173a8178180 Uncommon trap: reason=bimorphic_or_optimized_type_check action=maybe_recompile pc=0x0000017392893430 method=java.util.regex.Pattern$BmpCharProperty.match(Ljava/util/regex/Matcher;ILjava/lang/CharSequence;)Z @ 19 c2
Event: 5.112 Thread 0x00000173a8178180 DEOPT PACKING pc=0x0000017392893430 sp=0x00000041548f6860
Event: 5.112 Thread 0x00000173a8178180 DEOPT UNPACKING pc=0x00000173921869a3 sp=0x00000041548f67f8 mode 2
Event: 5.112 Thread 0x00000173a8178180 Uncommon trap: trap_request=0xffffffc6 fr.pc=0x0000017392893430 relative=0x00000000000001f0
Event: 5.112 Thread 0x00000173a8178180 Uncommon trap: reason=bimorphic_or_optimized_type_check action=maybe_recompile pc=0x0000017392893430 method=java.util.regex.Pattern$BmpCharProperty.match(Ljava/util/regex/Matcher;ILjava/lang/CharSequence;)Z @ 19 c2
Event: 5.112 Thread 0x00000173a8178180 DEOPT PACKING pc=0x0000017392893430 sp=0x00000041548f6860
Event: 5.112 Thread 0x00000173a8178180 DEOPT UNPACKING pc=0x00000173921869a3 sp=0x00000041548f67f8 mode 2

Classes unloaded (0 events):
No events

Classes redefined (0 events):
No events

Internal exceptions (20 events):
Event: 4.264 Thread 0x00000173a8178180 Exception <a 'java/lang/NoSuchMethodError'{0x0000000084911b38}: static Lorg/gradle/tooling/internal/consumer/versioning/VersionDetails$R48VersionDetails;.<clinit>()V> (0x0000000084911b38) 
thrown [s\src\hotspot\share\prims\jni.cpp, line 1127]
Event: 4.264 Thread 0x00000173a8178180 Exception <a 'java/lang/NoSuchMethodError'{0x0000000084912fe0}: static Lorg/gradle/tooling/internal/consumer/versioning/VersionDetails$R51VersionDetails;.<clinit>()V> (0x0000000084912fe0) 
thrown [s\src\hotspot\share\prims\jni.cpp, line 1127]
Event: 4.309 Thread 0x00000173a8178180 Exception <a 'java/lang/NoSuchMethodError'{0x00000000848fc7d0}: 'java.lang.Object java.lang.invoke.DirectMethodHandle$Holder.newInvokeSpecial(java.lang.Object, java.lang.Object, int)'> (0x00000000848fc7d0) 
thrown [s\src\hotspot\share\interpreter\linkResolver.cpp, line 771]
Event: 4.461 Thread 0x00000173a8178180 Exception <a 'java/lang/NoSuchMethodError'{0x000000008366bda8}: 'java.lang.Object java.lang.invoke.DirectMethodHandle$Holder.invokeSpecialIFC(java.lang.Object, java.lang.Object, java.lang.Object, java.lang.Object)'> (0x000000008366bda8) 
thrown [s\src\hotspot\share\interpreter\linkResolver.cpp, line 771]
Event: 4.468 Thread 0x00000173a8178180 Exception <a 'java/lang/NoSuchMethodError'{0x00000000836f1780}: 'java.lang.Object java.lang.invoke.DirectMethodHandle$Holder.newInvokeSpecial(java.lang.Object, java.lang.Object, java.lang.Object, java.lang.Object, java.lang.Object, java.lang.Object, java.lang.Object, java.lang.Object, java.lang.Object, java.lang.Object)'> (0x00000000836f1780) 
thrown [s\src\hotspot\share\interpreter\linkResolver.cpp, line 771]
Event: 4.469 Thread 0x00000173a8178180 Exception <a 'java/lang/NoSuchMethodError'{0x00000000836f6910}: 'java.lang.Object java.lang.invoke.Invokers$Holder.linkToTargetMethod(java.lang.Object, java.lang.Object, java.lang.Object, java.lang.Object, java.lang.Object, java.lang.Object, java.lang.Object, java.lang.Object, java.lang.Object, java.lang.Object)'> (0x00000000836f6910) 
thrown [s\src\hotspot\share\interpreter\linkResolver.cpp, line 771]
Event: 4.477 Thread 0x00000173a8178180 Exception <a 'java/lang/NoSuchMethodError'{0x0000000087d6f6f0}: 'java.lang.Object java.lang.invoke.DirectMethodHandle$Holder.newInvokeSpecial(java.lang.Object, java.lang.Object, java.lang.Object, java.lang.Object, java.lang.Object, java.lang.Object, java.lang.Object, java.lang.Object, java.lang.Object, java.lang.Object, java.lang.Object)'> (0x0000000087d6f6f0) 
thrown [s\src\hotspot\share\interpreter\linkResolver.cpp, line 771]
Event: 4.478 Thread 0x00000173a8178180 Exception <a 'java/lang/NoSuchMethodError'{0x0000000087d754d0}: 'java.lang.Object java.lang.invoke.DirectMethodHandle$Holder.invokeSpecial(java.lang.Object, java.lang.Object, java.lang.Object, java.lang.Object, java.lang.Object, java.lang.Object, java.lang.Object, java.lang.Object, java.lang.Object, java.lang.Object, java.lang.Object, java.lang.Object)'> (0x0000000087d754d0) 
thrown [s\src\hotspot\share\interpreter\linkResolver.cpp, line 771]
Event: 4.478 Thread 0x00000173a8178180 Exception <a 'java/lang/NoSuchMethodError'{0x0000000087d7ae10}: 'java.lang.Object java.lang.invoke.Invokers$Holder.linkToTargetMethod(java.lang.Object, java.lang.Object, java.lang.Object, java.lang.Object, java.lang.Object, java.lang.Object, java.lang.Object, java.lang.Object, java.lang.Object, java.lang.Object, java.lang.Object)'> (0x0000000087d7ae10) 
thrown [s\src\hotspot\share\interpreter\linkResolver.cpp, line 771]
Event: 4.540 Thread 0x00000173a8178180 Implicit null exception at 0x000001739272978f to 0x0000017392729cf4
Event: 4.591 Thread 0x00000173a8178180 Exception <a 'java/lang/NoSuchMethodError'{0x00000000843d7068}: 'java.lang.Object java.lang.invoke.DirectMethodHandle$Holder.newInvokeSpecial(java.lang.Object, java.lang.Object, int, int)'> (0x00000000843d7068) 
thrown [s\src\hotspot\share\interpreter\linkResolver.cpp, line 771]
Event: 4.827 Thread 0x00000173a8178180 Exception <a 'java/lang/IncompatibleClassChangeError'{0x0000000083a67dc0}: Found class java.lang.Object, but interface was expected> (0x0000000083a67dc0) 
thrown [s\src\hotspot\share\interpreter\linkResolver.cpp, line 838]
Event: 4.856 Thread 0x00000173a8178180 Exception <a 'java/lang/NoSuchMethodError'{0x00000000839cbff8}: 'java.lang.Object java.lang.invoke.DirectMethodHandle$Holder.invokeVirtual(java.lang.Object, java.lang.Object, int)'> (0x00000000839cbff8) 
thrown [s\src\hotspot\share\interpreter\linkResolver.cpp, line 771]
Event: 4.860 Thread 0x00000173a8178180 Exception <a 'java/lang/NoSuchMethodError'{0x00000000839fb740}: 'void java.lang.invoke.DirectMethodHandle$Holder.invokeStatic(java.lang.Object, java.lang.Object, java.lang.Object, int)'> (0x00000000839fb740) 
thrown [s\src\hotspot\share\interpreter\linkResolver.cpp, line 771]
Event: 4.936 Thread 0x00000173a8178180 Exception <a 'java/lang/NoSuchMethodError'{0x0000000087df1680}: 'java.lang.Object java.lang.invoke.DirectMethodHandle$Holder.invokeSpecial(java.lang.Object, java.lang.Object, java.lang.Object, int, java.lang.Object, java.lang.Object)'> (0x0000000087df1680) 
thrown [s\src\hotspot\share\interpreter\linkResolver.cpp, line 771]
Event: 5.002 Thread 0x00000173a8178180 Implicit null exception at 0x0000017392891d20 to 0x0000017392892230
Event: 5.029 Thread 0x00000173a8178180 Exception <a 'java/lang/NoSuchMethodError'{0x0000000084444040}: 'void java.lang.invoke.DirectMethodHandle$Holder.invokeStaticInit(java.lang.Object, java.lang.Object, java.lang.Object)'> (0x0000000084444040) 
thrown [s\src\hotspot\share\interpreter\linkResolver.cpp, line 771]
Event: 5.030 Thread 0x00000173a8178180 Exception <a 'java/lang/NoSuchMethodError'{0x000000008444b788}: 'void java.lang.invoke.DirectMethodHandle$Holder.invokeStaticInit(java.lang.Object, java.lang.Object, java.lang.Object, java.lang.Object)'> (0x000000008444b788) 
thrown [s\src\hotspot\share\interpreter\linkResolver.cpp, line 771]
Event: 5.032 Thread 0x00000173a8178180 Exception <a 'java/lang/NoSuchMethodError'{0x000000008446df08}: 'void java.lang.invoke.DirectMethodHandle$Holder.invokeStaticInit(java.lang.Object, java.lang.Object, java.lang.Object, java.lang.Object, java.lang.Object)'> (0x000000008446df08) 
thrown [s\src\hotspot\share\interpreter\linkResolver.cpp, line 771]
Event: 5.046 Thread 0x00000173a8178180 Exception <a 'java/lang/NoSuchMethodError'{0x00000000844ca128}: 'int java.lang.invoke.DirectMethodHandle$Holder.invokeStaticInit(java.lang.Object, java.lang.Object, java.lang.Object, java.lang.Object)'> (0x00000000844ca128) 
thrown [s\src\hotspot\share\interpreter\linkResolver.cpp, line 771]

VM Operations (20 events):
Event: 4.357 Executing VM operation: HandshakeAllThreads done
Event: 4.469 Executing VM operation: G1CollectForAllocation
Event: 4.472 Executing VM operation: G1CollectForAllocation done
Event: 4.542 Executing VM operation: HandshakeAllThreads
Event: 4.542 Executing VM operation: HandshakeAllThreads done
Event: 4.674 Executing VM operation: G1CollectForAllocation
Event: 4.676 Executing VM operation: G1CollectForAllocation done
Event: 4.690 Executing VM operation: G1PauseRemark
Event: 4.692 Executing VM operation: G1PauseRemark done
Event: 4.698 Executing VM operation: G1PauseCleanup
Event: 4.698 Executing VM operation: G1PauseCleanup done
Event: 4.729 Executing VM operation: HandshakeAllThreads
Event: 4.729 Executing VM operation: HandshakeAllThreads done
Event: 4.829 Executing VM operation: HandshakeAllThreads
Event: 4.829 Executing VM operation: HandshakeAllThreads done
Event: 4.917 Executing VM operation: G1CollectForAllocation
Event: 4.921 Executing VM operation: G1CollectForAllocation done
Event: 4.996 Executing VM operation: HandshakeAllThreads
Event: 4.996 Executing VM operation: HandshakeAllThreads done
Event: 5.171 Executing VM operation: G1CollectForAllocation

Events (20 events):
Event: 5.167 loading class javax/swing/JMenu
Event: 5.167 loading class javax/swing/JMenuItem
Event: 5.167 loading class javax/swing/AbstractButton
Event: 5.168 loading class javax/swing/AbstractButton done
Event: 5.168 loading class javax/swing/JMenuItem done
Event: 5.168 loading class javax/swing/JMenu done
Event: 5.168 loading class javax/swing/table/DefaultTableModel
Event: 5.169 loading class javax/swing/table/AbstractTableModel
Event: 5.169 loading class javax/swing/table/AbstractTableModel done
Event: 5.169 loading class javax/swing/table/DefaultTableModel done
Event: 5.169 loading class javax/swing/JPopupMenu
Event: 5.170 loading class javax/swing/JPopupMenu done
Event: 5.170 loading class javax/swing/Action
Event: 5.170 loading class javax/swing/Action done
Event: 5.170 loading class javax/swing/JToolBar
Event: 5.170 loading class javax/swing/JToolBar done
Event: 5.170 loading class javax/swing/table/TableColumn
Event: 5.171 loading class javax/swing/table/TableColumn done
Event: 5.171 loading class java/awt/Image
Event: 5.171 loading class java/awt/Image done


Dynamic libraries:
0x00007ff650460000 - 0x00007ff65046a000 	C:\Program Files\Android\Android Studio\jbr\bin\java.exe
0x00007ff973ba0000 - 0x00007ff973da9000 	C:\WINDOWS\SYSTEM32\ntdll.dll
0x00007ff972ac0000 - 0x00007ff972b7d000 	C:\WINDOWS\System32\KERNEL32.DLL
0x00007ff971400000 - 0x00007ff971784000 	C:\WINDOWS\System32\KERNELBASE.dll
0x00007ff9712e0000 - 0x00007ff9713f1000 	C:\WINDOWS\System32\ucrtbase.dll
0x00007ff95aea0000 - 0x00007ff95aebb000 	C:\Program Files\Android\Android Studio\jbr\bin\VCRUNTIME140.dll
0x00007ff958fd0000 - 0x00007ff958fe7000 	C:\Program Files\Android\Android Studio\jbr\bin\jli.dll
0x00007ff972090000 - 0x00007ff97223d000 	C:\WINDOWS\System32\USER32.dll
0x00007ff971190000 - 0x00007ff9711b6000 	C:\WINDOWS\System32\win32u.dll
0x00007ff972370000 - 0x00007ff97239a000 	C:\WINDOWS\System32\GDI32.dll
0x00007ff9711c0000 - 0x00007ff9712de000 	C:\WINDOWS\System32\gdi32full.dll
0x00007ff971030000 - 0x00007ff9710cd000 	C:\WINDOWS\System32\msvcp_win.dll
0x00007ff95c8b0000 - 0x00007ff95cb55000 	C:\WINDOWS\WinSxS\amd64_microsoft.windows.common-controls_6595b64144ccf1df_6.0.22000.120_none_9d947278b86cc467\COMCTL32.dll
0x00007ff971c20000 - 0x00007ff971cc3000 	C:\WINDOWS\System32\msvcrt.dll
0x00007ff972050000 - 0x00007ff972081000 	C:\WINDOWS\System32\IMM32.DLL
0x00007ff95ae90000 - 0x00007ff95ae9c000 	C:\Program Files\Android\Android Studio\jbr\bin\vcruntime140_1.dll
0x00007ff8c0ae0000 - 0x00007ff8c0b6d000 	C:\Program Files\Android\Android Studio\jbr\bin\msvcp140.dll
0x00007ff8a8970000 - 0x00007ff8a95f3000 	C:\Program Files\Android\Android Studio\jbr\bin\server\jvm.dll
0x00007ff973990000 - 0x00007ff973a3e000 	C:\WINDOWS\System32\ADVAPI32.dll
0x00007ff972d80000 - 0x00007ff972e1e000 	C:\WINDOWS\System32\sechost.dll
0x00007ff972240000 - 0x00007ff972361000 	C:\WINDOWS\System32\RPCRT4.dll
0x00007ff96f950000 - 0x00007ff96f99d000 	C:\WINDOWS\SYSTEM32\POWRPROF.dll
0x00007ff95b010000 - 0x00007ff95b019000 	C:\WINDOWS\SYSTEM32\WSOCK32.dll
0x00007ff96c890000 - 0x00007ff96c8c3000 	C:\WINDOWS\SYSTEM32\WINMM.dll
0x00007ff965150000 - 0x00007ff96515a000 	C:\WINDOWS\SYSTEM32\VERSION.dll
0x00007ff973910000 - 0x00007ff97397f000 	C:\WINDOWS\System32\WS2_32.dll
0x00007ff96fa40000 - 0x00007ff96fa53000 	C:\WINDOWS\SYSTEM32\UMPDC.dll
0x00007ff970150000 - 0x00007ff970168000 	C:\WINDOWS\SYSTEM32\kernel.appcore.dll
0x00007ff96d9d0000 - 0x00007ff96d9da000 	C:\Program Files\Android\Android Studio\jbr\bin\jimage.dll
0x00007ff96cd10000 - 0x00007ff96cf31000 	C:\WINDOWS\SYSTEM32\DBGHELP.DLL
0x00007ff94d710000 - 0x00007ff94d741000 	C:\WINDOWS\SYSTEM32\dbgcore.DLL
0x00007ff971970000 - 0x00007ff9719ef000 	C:\WINDOWS\System32\bcryptPrimitives.dll
0x00007ff959a00000 - 0x00007ff959a0e000 	C:\Program Files\Android\Android Studio\jbr\bin\instrument.dll
0x00007ff959070000 - 0x00007ff959095000 	C:\Program Files\Android\Android Studio\jbr\bin\java.dll
0x00007ff95ad70000 - 0x00007ff95ad88000 	C:\Program Files\Android\Android Studio\jbr\bin\zip.dll
0x00007ff972f70000 - 0x00007ff973735000 	C:\WINDOWS\System32\SHELL32.dll
0x00007ff96f0d0000 - 0x00007ff96f932000 	C:\WINDOWS\SYSTEM32\windows.storage.dll
0x00007ff971cd0000 - 0x00007ff972046000 	C:\WINDOWS\System32\combase.dll
0x00007ff96ef60000 - 0x00007ff96f0c7000 	C:\WINDOWS\SYSTEM32\wintypes.dll
0x00007ff972e80000 - 0x00007ff972f6a000 	C:\WINDOWS\System32\SHCORE.dll
0x00007ff972e20000 - 0x00007ff972e7d000 	C:\WINDOWS\System32\shlwapi.dll
0x00007ff970f60000 - 0x00007ff970f85000 	C:\WINDOWS\SYSTEM32\profapi.dll
0x00007ff959050000 - 0x00007ff959069000 	C:\Program Files\Android\Android Studio\jbr\bin\net.dll
0x00007ff968300000 - 0x00007ff968414000 	C:\WINDOWS\SYSTEM32\WINHTTP.dll
0x00007ff970600000 - 0x00007ff970667000 	C:\WINDOWS\system32\mswsock.dll
0x00007ff958ff0000 - 0x00007ff959006000 	C:\Program Files\Android\Android Studio\jbr\bin\nio.dll
0x00007ff959e10000 - 0x00007ff959e20000 	C:\Program Files\Android\Android Studio\jbr\bin\verify.dll
0x00007ff940750000 - 0x00007ff940777000 	C:\Users\Somesh\.gradle\native\c067742578af261105cb4f569cf0c3c89f3d7b1fecec35dd04571415982c5e48\windows-amd64\native-platform.dll
0x00007ff8bcf80000 - 0x00007ff8bd0c4000 	C:\Users\Somesh\.gradle\native\38dada09dfb8b06ba9b0570ebf7e218e3eb74d4ef43ca46872605cf95ebc2f47\windows-amd64\native-platform-file-events.dll
0x00007ff95b030000 - 0x00007ff95b039000 	C:\Program Files\Android\Android Studio\jbr\bin\management.dll
0x00007ff959ea0000 - 0x00007ff959eab000 	C:\Program Files\Android\Android Studio\jbr\bin\management_ext.dll
0x00007ff973980000 - 0x00007ff973988000 	C:\WINDOWS\System32\PSAPI.DLL
0x00007ff970860000 - 0x00007ff970878000 	C:\WINDOWS\SYSTEM32\CRYPTSP.dll
0x00007ff9700b0000 - 0x00007ff9700e5000 	C:\WINDOWS\system32\rsaenh.dll
0x00007ff970710000 - 0x00007ff97073c000 	C:\WINDOWS\SYSTEM32\USERENV.dll
0x00007ff970a00000 - 0x00007ff970a27000 	C:\WINDOWS\SYSTEM32\bcrypt.dll
0x00007ff970880000 - 0x00007ff97088c000 	C:\WINDOWS\SYSTEM32\CRYPTBASE.dll
0x00007ff96fc70000 - 0x00007ff96fc9d000 	C:\WINDOWS\SYSTEM32\IPHLPAPI.DLL
0x00007ff972d70000 - 0x00007ff972d79000 	C:\WINDOWS\System32\NSI.dll
0x00007ff968650000 - 0x00007ff968669000 	C:\WINDOWS\SYSTEM32\dhcpcsvc6.DLL
0x00007ff9688e0000 - 0x00007ff9688fe000 	C:\WINDOWS\SYSTEM32\dhcpcsvc.DLL
0x00007ff96fca0000 - 0x00007ff96fd87000 	C:\WINDOWS\SYSTEM32\DNSAPI.dll
0x00007ff96c1c0000 - 0x00007ff96c1c9000 	C:\Program Files\Android\Android Studio\jbr\bin\extnet.dll
0x00007ff96c270000 - 0x00007ff96c278000 	C:\WINDOWS\system32\wshunix.dll

dbghelp: loaded successfully - version: 4.0.5 - missing functions: none
symbol engine: initialized successfully - sym options: 0x614 - pdb path: .;C:\Program Files\Android\Android Studio\jbr\bin;C:\WINDOWS\SYSTEM32;C:\WINDOWS\WinSxS\amd64_microsoft.windows.common-controls_6595b64144ccf1df_6.0.22000.120_none_9d947278b86cc467;C:\Program Files\Android\Android Studio\jbr\bin\server;C:\Users\Somesh\.gradle\native\c067742578af261105cb4f569cf0c3c89f3d7b1fecec35dd04571415982c5e48\windows-amd64;C:\Users\Somesh\.gradle\native\38dada09dfb8b06ba9b0570ebf7e218e3eb74d4ef43ca46872605cf95ebc2f47\windows-amd64

VM Arguments:
jvm_args: --add-opens=java.base/java.util=ALL-UNNAMED --add-opens=java.base/java.lang=ALL-UNNAMED --add-opens=java.base/java.lang.invoke=ALL-UNNAMED --add-opens=java.prefs/java.util.prefs=ALL-UNNAMED --add-opens=java.base/java.nio.charset=ALL-UNNAMED --add-opens=java.base/java.net=ALL-UNNAMED --add-opens=java.base/java.util.concurrent.atomic=ALL-UNNAMED -Xmx2048m -Dfile.encoding=UTF-8 -Duser.country=MY -Duser.language=en -Duser.variant -javaagent:C:\Users\Somesh\.gradle\wrapper\dists\gradle-8.7-bin\bhs2wmbdwecv87pi65oeuq5iu\gradle-8.7\lib\agents\gradle-instrumentation-agent-8.7.jar 
java_command: org.gradle.launcher.daemon.bootstrap.GradleDaemon 8.7
java_class_path (initial): C:\Users\Somesh\.gradle\wrapper\dists\gradle-8.7-bin\bhs2wmbdwecv87pi65oeuq5iu\gradle-8.7\lib\gradle-launcher-8.7.jar
Launcher Type: SUN_STANDARD

[Global flags]
     intx CICompilerCount                          = 4                                         {product} {ergonomic}
     uint ConcGCThreads                            = 2                                         {product} {ergonomic}
     uint G1ConcRefinementThreads                  = 8                                         {product} {ergonomic}
   size_t G1HeapRegionSize                         = 1048576                                   {product} {ergonomic}
    uintx GCDrainStackTargetSize                   = 64                                        {product} {ergonomic}
   size_t InitialHeapSize                          = 132120576                                 {product} {ergonomic}
   size_t MarkStackSize                            = 4194304                                   {product} {ergonomic}
   size_t MaxHeapSize                              = 2147483648                                {product} {command line}
   size_t MaxNewSize                               = 1287651328                                {product} {ergonomic}
   size_t MinHeapDeltaBytes                        = 1048576                                   {product} {ergonomic}
   size_t MinHeapSize                              = 8388608                                   {product} {ergonomic}
    uintx NonNMethodCodeHeapSize                   = 5839372                                {pd product} {ergonomic}
    uintx NonProfiledCodeHeapSize                  = 122909434                              {pd product} {ergonomic}
    uintx ProfiledCodeHeapSize                     = 122909434                              {pd product} {ergonomic}
    uintx ReservedCodeCacheSize                    = 251658240                              {pd product} {ergonomic}
     bool SegmentedCodeCache                       = true                                      {product} {ergonomic}
   size_t SoftMaxHeapSize                          = 2147483648                             {manageable} {ergonomic}
     bool UseCompressedClassPointers               = true                           {product lp64_product} {ergonomic}
     bool UseCompressedOops                        = true                           {product lp64_product} {ergonomic}
     bool UseG1GC                                  = true                                      {product} {ergonomic}
     bool UseLargePagesIndividualAllocation        = false                                  {pd product} {ergonomic}

Logging:
Log output configuration:
 #0: stdout all=warning uptime,level,tags
 #1: stderr all=off uptime,level,tags

Environment Variables:
JAVA_HOME=C:\Program Files\Android\jdk\jdk-8.0.302.8-hotspot\jdk8u302-b08
PATH=C:\Windows\system32;C:\Windows;C:\Windows\System32\Wbem;C:\Windows\System32\WindowsPowerShell\v1.0\;C:\Windows\System32\OpenSSH\;C:\Program Files (x86)\NVIDIA Corporation\PhysX\Common;C:\Program Files\NVIDIA Corporation\NVIDIA NvDLISR;C:\WINDOWS\system32;C:\WINDOWS;C:\WINDOWS\System32\Wbem;C:\WINDOWS\System32\WindowsPowerShell\v1.0\;C:\WINDOWS\System32\OpenSSH\;C:\Program Files\Microsoft SQL Server\150\Tools\Binn\;C:\Program Files\Microsoft SQL Server\Client SDK\ODBC\170\Tools\Binn\;C:\Program Files (x86)\Microsoft SQL Server\150\Tools\Binn\;C:\Program Files\Microsoft SQL Server\150\DTS\Binn\;C:\Program Files\Git\cmd;C:\Program Files\MongoDB\Server\6.0\bin;C:\Program Files\mongosh-1.8.0-win32-x64\mongosh-1.8.0-win32-x64\bin;C:\Program Files\nodejs\;C:\Users\Somesh\AppData\Local\Programs\Python\Python312\Scripts\;C:\Users\Somesh\AppData\Local\Programs\Python\Python312\;C:\Users\Somesh\AppData\Local\Microsoft\WindowsApps;C:\Users\Somesh\AppData\Local\Programs\Microsoft VS Code\bin;C:\Users\Somesh\AppData\Local\Programs\Hyper\resources\bin;C:\Program Files\heroku\bin;C:\Users\Somesh\AppData\Roaming\npm
USERNAME=Somesh
OS=Windows_NT
PROCESSOR_IDENTIFIER=Intel64 Family 6 Model 142 Stepping 12, GenuineIntel
TMP=C:\Users\Somesh\AppData\Local\Temp
TEMP=C:\Users\Somesh\AppData\Local\Temp



Periodic native trim disabled

JNI global refs:
JNI global refs: 26, weak refs: 0

JNI global refs memory usage: 843, weak refs: 841

Process memory usage:
Resident Set Size: 227676K (2% of 8217904K total physical memory with 772580K free physical memory)

OOME stack traces (most recent first):
Classloader memory used:
Loader org.gradle.internal.classloader.VisitableURLClassLoader                         : 2401K
Loader bootstrap                                                                       : 2152K
Loader org.gradle.initialization.MixInLegacyTypesClassLoader                           : 511K
Loader org.gradle.internal.classloader.VisitableURLClassLoader                         : 79537B
Loader jdk.internal.loader.ClassLoaders$PlatformClassLoader                            : 30009B
Loader jdk.internal.loader.ClassLoaders$AppClassLoader                                 : 28714B
Loader jdk.internal.reflect.DelegatingClassLoader                                      : 23314B
Loader org.gradle.groovy.scripts.internal.DefaultScriptCompilationHandler$ScriptClassLoader: 771B

Classes loaded by more than one classloader:
Class org.gradle.api.GradleException                                                  : loaded 3 times (x 80B)
Class org.gradle.util.GradleVersion                                                   : loaded 2 times (x 81B)
Class org.gradle.internal.classpath.ClassPath                                         : loaded 2 times (x 68B)
Class org.gradle.api.internal.classpath.DefaultModuleRegistry                         : loaded 2 times (x 84B)
Class org.gradle.internal.exceptions.NonGradleCauseExceptionsHolder                   : loaded 2 times (x 68B)
Class org.gradle.api.Action                                                           : loaded 2 times (x 68B)
Class org.gradle.api.internal.DefaultClassPathProvider                                : loaded 2 times (x 74B)
Class org.gradle.internal.installation.GradleInstallation$1                           : loaded 2 times (x 73B)
Class org.gradle.internal.exceptions.DefaultMultiCauseException                       : loaded 2 times (x 93B)
Class org.gradle.internal.time.MonotonicClock                                         : loaded 2 times (x 75B)
Class org.gradle.internal.classloader.FilteringClassLoader                            : loaded 2 times (x 103B)
Class org.gradle.internal.classpath.DefaultClassPath$ImmutableUniqueList$Builder      : loaded 2 times (x 73B)
Class org.gradle.internal.classloader.ClassLoaderVisitor                              : loaded 2 times (x 74B)
Class org.gradle.internal.time.DefaultCountdownTimer                                  : loaded 2 times (x 86B)
Class org.gradle.internal.service.DefaultServiceLocator                               : loaded 2 times (x 81B)
Class org.gradle.internal.service.UnknownServiceException                             : loaded 2 times (x 81B)
Class org.gradle.internal.classloader.DefaultClassLoaderFactory                       : loaded 2 times (x 80B)
Class org.gradle.internal.classloader.VisitableURLClassLoader$Spec                    : loaded 2 times (x 72B)
Class org.gradle.tooling.model.ProjectModel                                           : loaded 2 times (x 68B)
Class org.gradle.internal.installation.GradleInstallation                             : loaded 2 times (x 73B)
Class org.gradle.api.internal.classpath.ModuleRegistry                                : loaded 2 times (x 68B)
Class org.gradle.api.internal.ClassPathProvider                                       : loaded 2 times (x 68B)
Class org.gradle.internal.classloader.ClasspathUtil$1                                 : loaded 2 times (x 74B)
Class org.gradle.internal.classloader.ClassLoaderFactory                              : loaded 2 times (x 68B)
Class org.gradle.api.internal.classpath.ManifestUtil                                  : loaded 2 times (x 69B)
Class org.gradle.api.specs.Spec                                                       : loaded 2 times (x 68B)
Class org.gradle.internal.IoActions                                                   : loaded 2 times (x 69B)
Class org.gradle.api.internal.classpath.EffectiveClassPath                            : loaded 2 times (x 88B)
Class org.gradle.internal.exceptions.ResolutionProvider                               : loaded 2 times (x 68B)
Class org.gradle.internal.installation.CurrentGradleInstallation                      : loaded 2 times (x 71B)
Class org.gradle.internal.agents.InstrumentingClassLoader                             : loaded 2 times (x 68B)
Class org.gradle.internal.installation.CurrentGradleInstallationLocator               : loaded 2 times (x 69B)
Class org.gradle.api.internal.classpath.Module                                        : loaded 2 times (x 68B)
Class org.gradle.internal.service.CachingServiceLocator                               : loaded 2 times (x 80B)
Class org.gradle.internal.time.Timer                                                  : loaded 2 times (x 68B)
Class org.gradle.internal.classpath.DefaultClassPath                                  : loaded 2 times (x 88B)
Class org.gradle.internal.time.Time                                                   : loaded 2 times (x 69B)
Class org.gradle.internal.time.TimeSource$1                                           : loaded 2 times (x 75B)
Class org.gradle.internal.classloader.SystemClassLoaderSpec                           : loaded 2 times (x 69B)
Class kotlin.Function                                                                 : loaded 2 times (x 68B)
Class org.gradle.api.UncheckedIOException                                             : loaded 2 times (x 80B)
Class org.gradle.internal.time.CountdownTimer                                         : loaded 2 times (x 68B)
Class org.gradle.internal.time.Clock                                                  : loaded 2 times (x 68B)
Class org.gradle.internal.classloader.ClasspathUtil                                   : loaded 2 times (x 69B)
Class org.gradle.api.internal.DefaultClassPathRegistry                                : loaded 2 times (x 74B)
Class org.gradle.api.internal.classpath.DefaultModuleRegistry$DefaultModule           : loaded 2 times (x 84B)
Class org.gradle.internal.time.TimeSource                                             : loaded 2 times (x 68B)
Class org.gradle.api.internal.classpath.UnknownModuleException                        : loaded 2 times (x 80B)
Class org.gradle.internal.service.ServiceLookupException                              : loaded 2 times (x 80B)
Class org.gradle.cache.GlobalCache                                                    : loaded 2 times (x 68B)
Class [Lorg.gradle.api.internal.ClassPathProvider;                                    : loaded 2 times (x 67B)
Class org.gradle.internal.operations.MultipleBuildOperationFailures                   : loaded 2 times (x 93B)
Class org.gradle.util.internal.GUtil                                                  : loaded 2 times (x 69B)
Class org.gradle.internal.classloader.ClassLoaderSpec                                 : loaded 2 times (x 69B)
Class org.gradle.internal.classloader.VisitableURLClassLoader                         : loaded 2 times (x 115B)
Class org.gradle.internal.Cast                                                        : loaded 2 times (x 69B)
Class org.gradle.api.internal.ClassPathRegistry                                       : loaded 2 times (x 68B)
Class org.gradle.internal.classloader.VisitableURLClassLoader$InstrumentingVisitableURLClassLoader: loaded 2 times (x 121B)
Class org.gradle.internal.classloader.ClassLoaderHierarchy                            : loaded 2 times (x 68B)
Class org.gradle.internal.exceptions.MultiCauseException                              : loaded 2 times (x 68B)
Class org.gradle.internal.InternalTransformer                                         : loaded 2 times (x 68B)
Class org.gradle.internal.service.ServiceLocator                                      : loaded 2 times (x 68B)
Class org.gradle.internal.classpath.DefaultClassPath$ImmutableUniqueList              : loaded 2 times (x 159B)
Class org.gradle.internal.time.DefaultTimer                                           : loaded 2 times (x 78B)
Class org.gradle.internal.classpath.TransformedClassPath                              : loaded 2 times (x 94B)


---------------  S Y S T E M  ---------------

OS:
 Windows 11 , 64 bit Build 22000 (10.0.22000.2538)
OS uptime: 3 days 6:47 hours
Hyper-V role detected

CPU: total 8 (initial active 8) (4 cores per cpu, 2 threads per core) family 6 model 142 stepping 12 microcode 0xde, cx8, cmov, fxsr, ht, mmx, 3dnowpref, sse, sse2, sse3, ssse3, sse4.1, sse4.2, popcnt, lzcnt, tsc, tscinvbit, avx, avx2, aes, erms, clmul, bmi1, bmi2, adx, fma, vzeroupper, clflush, clflushopt, hv
Processor Information for processor 0
  Max Mhz: 2112, Current Mhz: 1508, Mhz Limit: 1605
Processor Information for processor 1
  Max Mhz: 2112, Current Mhz: 1508, Mhz Limit: 1605
Processor Information for processor 2
  Max Mhz: 2112, Current Mhz: 1508, Mhz Limit: 1605
Processor Information for processor 3
  Max Mhz: 2112, Current Mhz: 1508, Mhz Limit: 1605
Processor Information for processor 4
  Max Mhz: 2112, Current Mhz: 1508, Mhz Limit: 1605
Processor Information for processor 5
  Max Mhz: 2112, Current Mhz: 2112, Mhz Limit: 1605
Processor Information for processor 6
  Max Mhz: 2112, Current Mhz: 2112, Mhz Limit: 1605
Processor Information for processor 7
  Max Mhz: 2112, Current Mhz: 1508, Mhz Limit: 1605

Memory: 4k page, system-wide physical 8025M (754M free)
TotalPageFile size 23385M (AvailPageFile size 13M)
current process WorkingSet (physical memory assigned to process): 222M, peak: 222M
current process commit charge ("private bytes"): 264M, peak: 273M

vm_info: OpenJDK 64-Bit Server VM (17.0.11+0--11852314) for windows-amd64 JRE (17.0.11+0--11852314), built on May 16 2024 21:29:20 by "androidbuild" with MS VC++ 16.10 / 16.11 (VS2019)

END.
